<?xml version="1.0" encoding="UTF-8"?>
<testng-results ignored="0" total="11" passed="11" failed="0" skipped="0">
  <reporter-output>
  </reporter-output>
  <suite started-at="2023-02-19T16:22:29 IST" name="OpencartSuite" finished-at="2023-02-19T16:24:19 IST" duration-ms="110394">
    <groups>
      <group name="Master">
        <method signature="TC_001_AccountRegistrationTest.test_account_Registration()[pri:0, instance:testCases.TC_001_AccountRegistrationTest@2ddc9a9f]" name="test_account_Registration" class="testCases.TC_001_AccountRegistrationTest"/>
        <method signature="TC_002_LoginTest.test_login()[pri:0, instance:testCases.TC_002_LoginTest@7526515b]" name="test_login" class="testCases.TC_002_LoginTest"/>
      </group> <!-- Master -->
      <group name="Sanity">
        <method signature="TC_002_LoginTest.test_login()[pri:0, instance:testCases.TC_002_LoginTest@7526515b]" name="test_login" class="testCases.TC_002_LoginTest"/>
      </group> <!-- Sanity -->
      <group name="Regression">
        <method signature="TC_001_AccountRegistrationTest.test_account_Registration()[pri:0, instance:testCases.TC_001_AccountRegistrationTest@2ddc9a9f]" name="test_account_Registration" class="testCases.TC_001_AccountRegistrationTest"/>
      </group> <!-- Regression -->
    </groups>
    <test started-at="2023-02-19T16:22:29 IST" name="OpencartTest" finished-at="2023-02-19T16:24:19 IST" duration-ms="110394">
      <class name="testCases.TC_001_AccountRegistrationTest">
        <test-method is-config="true" signature="setup(java.lang.String)[pri:0, instance:testCases.TC_001_AccountRegistrationTest@2ddc9a9f]" started-at="2023-02-19T16:22:29 IST" name="setup" finished-at="2023-02-19T16:22:32 IST" duration-ms="3286" status="PASS">
          <params>
            <param index="0">
              <value>
                <![CDATA[chrome]]>
              </value>
            </param>
          </params>
          <reporter-output>
          </reporter-output>
        </test-method> <!-- setup -->
        <test-method signature="test_account_Registration()[pri:0, instance:testCases.TC_001_AccountRegistrationTest@2ddc9a9f]" started-at="2023-02-19T16:22:32 IST" name="test_account_Registration" finished-at="2023-02-19T16:22:41 IST" duration-ms="8118" status="PASS">
          <reporter-output>
          </reporter-output>
        </test-method> <!-- test_account_Registration -->
        <test-method is-config="true" signature="tearDown()[pri:0, instance:testCases.TC_001_AccountRegistrationTest@2ddc9a9f]" started-at="2023-02-19T16:22:41 IST" name="tearDown" finished-at="2023-02-19T16:22:41 IST" duration-ms="193" status="PASS">
          <reporter-output>
          </reporter-output>
        </test-method> <!-- tearDown -->
      </class> <!-- testCases.TC_001_AccountRegistrationTest -->
      <class name="testCases.TC_002_LoginTest">
        <test-method is-config="true" signature="setup(java.lang.String)[pri:0, instance:testCases.TC_002_LoginTest@7526515b]" started-at="2023-02-19T16:22:41 IST" name="setup" finished-at="2023-02-19T16:22:42 IST" duration-ms="1433" status="PASS">
          <params>
            <param index="0">
              <value>
                <![CDATA[chrome]]>
              </value>
            </param>
          </params>
          <reporter-output>
          </reporter-output>
        </test-method> <!-- setup -->
        <test-method signature="test_login()[pri:0, instance:testCases.TC_002_LoginTest@7526515b]" started-at="2023-02-19T16:22:42 IST" name="test_login" finished-at="2023-02-19T16:22:43 IST" duration-ms="1148" status="PASS">
          <reporter-output>
          </reporter-output>
        </test-method> <!-- test_login -->
        <test-method is-config="true" signature="tearDown()[pri:0, instance:testCases.TC_002_LoginTest@7526515b]" started-at="2023-02-19T16:22:43 IST" name="tearDown" finished-at="2023-02-19T16:22:44 IST" duration-ms="152" status="PASS">
          <reporter-output>
          </reporter-output>
        </test-method> <!-- tearDown -->
      </class> <!-- testCases.TC_002_LoginTest -->
      <class name="testCases.TC_005_AddToCartTest">
        <test-method is-config="true" signature="setup(java.lang.String)[pri:0, instance:testCases.TC_005_AddToCartTest@2a265ea9]" started-at="2023-02-19T16:23:33 IST" name="setup" finished-at="2023-02-19T16:23:34 IST" duration-ms="1445" status="PASS">
          <params>
            <param index="0">
              <value>
                <![CDATA[chrome]]>
              </value>
            </param>
          </params>
          <reporter-output>
          </reporter-output>
        </test-method> <!-- setup -->
        <test-method signature="addToCartTest()[pri:0, instance:testCases.TC_005_AddToCartTest@2a265ea9]" started-at="2023-02-19T16:23:34 IST" name="addToCartTest" finished-at="2023-02-19T16:23:40 IST" duration-ms="5362" status="PASS">
          <reporter-output>
          </reporter-output>
        </test-method> <!-- addToCartTest -->
        <test-method is-config="true" signature="tearDown()[pri:0, instance:testCases.TC_005_AddToCartTest@2a265ea9]" started-at="2023-02-19T16:23:40 IST" name="tearDown" finished-at="2023-02-19T16:23:40 IST" duration-ms="181" status="PASS">
          <reporter-output>
          </reporter-output>
        </test-method> <!-- tearDown -->
      </class> <!-- testCases.TC_005_AddToCartTest -->
      <class name="testCases.TC_004_SearchProductTest">
        <test-method is-config="true" signature="setup(java.lang.String)[pri:0, instance:testCases.TC_004_SearchProductTest@6d4d66d2]" started-at="2023-02-19T16:23:30 IST" name="setup" finished-at="2023-02-19T16:23:32 IST" duration-ms="1454" status="PASS">
          <params>
            <param index="0">
              <value>
                <![CDATA[chrome]]>
              </value>
            </param>
          </params>
          <reporter-output>
          </reporter-output>
        </test-method> <!-- setup -->
        <test-method signature="test_pruductSearch()[pri:0, instance:testCases.TC_004_SearchProductTest@6d4d66d2]" started-at="2023-02-19T16:23:32 IST" name="test_pruductSearch" finished-at="2023-02-19T16:23:33 IST" duration-ms="767" status="PASS">
          <reporter-output>
          </reporter-output>
        </test-method> <!-- test_pruductSearch -->
        <test-method is-config="true" signature="tearDown()[pri:0, instance:testCases.TC_004_SearchProductTest@6d4d66d2]" started-at="2023-02-19T16:23:33 IST" name="tearDown" finished-at="2023-02-19T16:23:33 IST" duration-ms="182" status="PASS">
          <reporter-output>
          </reporter-output>
        </test-method> <!-- tearDown -->
      </class> <!-- testCases.TC_004_SearchProductTest -->
      <class name="testCases.TC_006_CheckoutTest">
        <test-method is-config="true" signature="setup(java.lang.String)[pri:0, instance:testCases.TC_006_CheckoutTest@11392934]" started-at="2023-02-19T16:23:40 IST" name="setup" finished-at="2023-02-19T16:23:41 IST" duration-ms="1430" status="PASS">
          <params>
            <param index="0">
              <value>
                <![CDATA[chrome]]>
              </value>
            </param>
          </params>
          <reporter-output>
          </reporter-output>
        </test-method> <!-- setup -->
        <test-method signature="CheckoutTest()[pri:0, instance:testCases.TC_006_CheckoutTest@11392934]" started-at="2023-02-19T16:23:41 IST" name="CheckoutTest" finished-at="2023-02-19T16:23:54 IST" duration-ms="13080" status="PASS">
          <reporter-output>
          </reporter-output>
        </test-method> <!-- CheckoutTest -->
        <test-method is-config="true" signature="tearDown()[pri:0, instance:testCases.TC_006_CheckoutTest@11392934]" started-at="2023-02-19T16:23:54 IST" name="tearDown" finished-at="2023-02-19T16:23:54 IST" duration-ms="174" status="PASS">
          <reporter-output>
          </reporter-output>
        </test-method> <!-- tearDown -->
      </class> <!-- testCases.TC_006_CheckoutTest -->
      <class name="testCases.TC_007_EndToEndTest">
        <test-method is-config="true" signature="setup(java.lang.String)[pri:0, instance:testCases.TC_007_EndToEndTest@6892b3b6]" started-at="2023-02-19T16:23:54 IST" name="setup" finished-at="2023-02-19T16:23:56 IST" duration-ms="1447" status="PASS">
          <params>
            <param index="0">
              <value>
                <![CDATA[chrome]]>
              </value>
            </param>
          </params>
          <reporter-output>
          </reporter-output>
        </test-method> <!-- setup -->
        <test-method signature="endToendTest(java.lang.String,java.lang.String,java.lang.String,java.lang.String,java.lang.String,java.lang.String,java.lang.String,java.lang.String,java.lang.String,java.lang.String,java.lang.String)[pri:0, instance:testCases.TC_007_EndToEndTest@6892b3b6]" started-at="2023-02-19T16:23:56 IST" name="endToendTest" data-provider="UserData" finished-at="2023-02-19T16:24:19 IST" duration-ms="22612" status="PASS">
          <params>
            <param index="0">
              <value>
                <![CDATA[Prajwal]]>
              </value>
            </param>
            <param index="1">
              <value>
                <![CDATA[Shetty]]>
              </value>
            </param>
            <param index="2">
              <value>
                <![CDATA[prajwalnshashank4@gmail.com]]>
              </value>
            </param>
            <param index="3">
              <value>
                <![CDATA[prajwal123]]>
              </value>
            </param>
            <param index="4">
              <value>
                <![CDATA[No 330, kengeri]]>
              </value>
            </param>
            <param index="5">
              <value>
                <![CDATA[Satellite]]>
              </value>
            </param>
            <param index="6">
              <value>
                <![CDATA[Bangalore]]>
              </value>
            </param>
            <param index="7">
              <value>
                <![CDATA[India]]>
              </value>
            </param>
            <param index="8">
              <value>
                <![CDATA[MacBook]]>
              </value>
            </param>
            <param index="9">
              <value>
                <![CDATA[2]]>
              </value>
            </param>
            <param index="10">
              <value>
                <![CDATA[$1,204.00]]>
              </value>
            </param>
          </params>
          <reporter-output>
          </reporter-output>
        </test-method> <!-- endToendTest -->
        <test-method is-config="true" signature="tearDown()[pri:0, instance:testCases.TC_007_EndToEndTest@6892b3b6]" started-at="2023-02-19T16:24:19 IST" name="tearDown" finished-at="2023-02-19T16:24:19 IST" duration-ms="193" status="PASS">
          <reporter-output>
          </reporter-output>
        </test-method> <!-- tearDown -->
      </class> <!-- testCases.TC_007_EndToEndTest -->
      <class name="testCases.TC_003_LoginDDT">
        <test-method is-config="true" signature="setup(java.lang.String)[pri:0, instance:testCases.TC_003_LoginDDT@1ed4ae0f]" started-at="2023-02-19T16:22:44 IST" name="setup" finished-at="2023-02-19T16:22:45 IST" duration-ms="1485" status="PASS">
          <params>
            <param index="0">
              <value>
                <![CDATA[chrome]]>
              </value>
            </param>
          </params>
          <reporter-output>
          </reporter-output>
        </test-method> <!-- setup -->
        <test-method signature="test_loginDDT(java.lang.String,java.lang.String,java.lang.String)[pri:0, instance:testCases.TC_003_LoginDDT@1ed4ae0f]" started-at="2023-02-19T16:22:46 IST" name="test_loginDDT" data-provider="LoginData" finished-at="2023-02-19T16:22:48 IST" duration-ms="1493" status="PASS">
          <params>
            <param index="0">
              <value>
                <![CDATA[prajwalnshashank@gmail.com]]>
              </value>
            </param>
            <param index="1">
              <value>
                <![CDATA[prajwal123]]>
              </value>
            </param>
            <param index="2">
              <value>
                <![CDATA[Valid]]>
              </value>
            </param>
          </params>
          <reporter-output>
          </reporter-output>
        </test-method> <!-- test_loginDDT -->
        <test-method signature="test_loginDDT(java.lang.String,java.lang.String,java.lang.String)[pri:0, instance:testCases.TC_003_LoginDDT@1ed4ae0f]" started-at="2023-02-19T16:22:48 IST" name="test_loginDDT" data-provider="LoginData" finished-at="2023-02-19T16:22:58 IST" duration-ms="10669" status="PASS">
          <params>
            <param index="0">
              <value>
                <![CDATA[Venkateshwara@gmail.com]]>
              </value>
            </param>
            <param index="1">
              <value>
                <![CDATA[Srinivasa]]>
              </value>
            </param>
            <param index="2">
              <value>
                <![CDATA[Invalid]]>
              </value>
            </param>
          </params>
          <reporter-output>
          </reporter-output>
        </test-method> <!-- test_loginDDT -->
        <test-method signature="test_loginDDT(java.lang.String,java.lang.String,java.lang.String)[pri:0, instance:testCases.TC_003_LoginDDT@1ed4ae0f]" started-at="2023-02-19T16:22:58 IST" name="test_loginDDT" data-provider="LoginData" finished-at="2023-02-19T16:23:09 IST" duration-ms="10588" status="PASS">
          <params>
            <param index="0">
              <value>
                <![CDATA[SriRaam@yahoo.com]]>
              </value>
            </param>
            <param index="1">
              <value>
                <![CDATA[Raama]]>
              </value>
            </param>
            <param index="2">
              <value>
                <![CDATA[Invalid]]>
              </value>
            </param>
          </params>
          <reporter-output>
          </reporter-output>
        </test-method> <!-- test_loginDDT -->
        <test-method signature="test_loginDDT(java.lang.String,java.lang.String,java.lang.String)[pri:0, instance:testCases.TC_003_LoginDDT@1ed4ae0f]" started-at="2023-02-19T16:23:09 IST" name="test_loginDDT" data-provider="LoginData" finished-at="2023-02-19T16:23:20 IST" duration-ms="10637" status="PASS">
          <params>
            <param index="0">
              <value>
                <![CDATA[Krishna@yahoo.com]]>
              </value>
            </param>
            <param index="1">
              <value>
                <![CDATA[krishna]]>
              </value>
            </param>
            <param index="2">
              <value>
                <![CDATA[Invalid]]>
              </value>
            </param>
          </params>
          <reporter-output>
          </reporter-output>
        </test-method> <!-- test_loginDDT -->
        <test-method signature="test_loginDDT(java.lang.String,java.lang.String,java.lang.String)[pri:0, instance:testCases.TC_003_LoginDDT@1ed4ae0f]" started-at="2023-02-19T16:23:20 IST" name="test_loginDDT" data-provider="LoginData" finished-at="2023-02-19T16:23:30 IST" duration-ms="10635" status="PASS">
          <params>
            <param index="0">
              <value>
                <![CDATA[abc123@gmail.com]]>
              </value>
            </param>
            <param index="1">
              <value>
                <![CDATA[test@123]]>
              </value>
            </param>
            <param index="2">
              <value>
                <![CDATA[Invalid]]>
              </value>
            </param>
          </params>
          <reporter-output>
          </reporter-output>
        </test-method> <!-- test_loginDDT -->
        <test-method is-config="true" signature="tearDown()[pri:0, instance:testCases.TC_003_LoginDDT@1ed4ae0f]" started-at="2023-02-19T16:23:30 IST" name="tearDown" finished-at="2023-02-19T16:23:30 IST" duration-ms="180" status="PASS">
          <reporter-output>
          </reporter-output>
        </test-method> <!-- tearDown -->
      </class> <!-- testCases.TC_003_LoginDDT -->
    </test> <!-- OpencartTest -->
  </suite> <!-- OpencartSuite -->
</testng-results>
