<?xml version="1.0" encoding="UTF-8"?>
<testng-results ignored="0" total="11" passed="11" failed="0" skipped="0">
  <reporter-output>
  </reporter-output>
  <suite started-at="2023-03-22T21:57:27 IST" name="OpencartSuite" finished-at="2023-03-22T21:59:33 IST" duration-ms="126070">
    <groups>
      <group name="Master">
        <method signature="TC_001_AccountRegistrationTest.test_account_Registration()[pri:0, instance:testCases.TC_001_AccountRegistrationTest@53045c6c]" name="test_account_Registration" class="testCases.TC_001_AccountRegistrationTest"/>
        <method signature="TC_002_LoginTest.test_login()[pri:0, instance:testCases.TC_002_LoginTest@33065d67]" name="test_login" class="testCases.TC_002_LoginTest"/>
      </group> <!-- Master -->
      <group name="Sanity">
        <method signature="TC_002_LoginTest.test_login()[pri:0, instance:testCases.TC_002_LoginTest@33065d67]" name="test_login" class="testCases.TC_002_LoginTest"/>
      </group> <!-- Sanity -->
      <group name="Regression">
        <method signature="TC_001_AccountRegistrationTest.test_account_Registration()[pri:0, instance:testCases.TC_001_AccountRegistrationTest@53045c6c]" name="test_account_Registration" class="testCases.TC_001_AccountRegistrationTest"/>
      </group> <!-- Regression -->
    </groups>
    <test started-at="2023-03-22T21:57:27 IST" name="OpencartTest" finished-at="2023-03-22T21:59:33 IST" duration-ms="126070">
      <class name="testCases.TC_001_AccountRegistrationTest">
        <test-method is-config="true" signature="setup(java.lang.String)[pri:0, instance:testCases.TC_001_AccountRegistrationTest@53045c6c]" started-at="2023-03-22T21:57:28 IST" name="setup" finished-at="2023-03-22T21:57:33 IST" duration-ms="4859" status="PASS">
          <params>
            <param index="0">
              <value>
                <![CDATA[chrome]]>
              </value>
            </param>
          </params>
          <reporter-output>
          </reporter-output>
        </test-method> <!-- setup -->
        <test-method signature="test_account_Registration()[pri:0, instance:testCases.TC_001_AccountRegistrationTest@53045c6c]" started-at="2023-03-22T21:57:33 IST" name="test_account_Registration" finished-at="2023-03-22T21:57:42 IST" duration-ms="8663" status="PASS">
          <reporter-output>
          </reporter-output>
        </test-method> <!-- test_account_Registration -->
        <test-method is-config="true" signature="tearDown()[pri:0, instance:testCases.TC_001_AccountRegistrationTest@53045c6c]" started-at="2023-03-22T21:57:42 IST" name="tearDown" finished-at="2023-03-22T21:57:42 IST" duration-ms="276" status="PASS">
          <reporter-output>
          </reporter-output>
        </test-method> <!-- tearDown -->
      </class> <!-- testCases.TC_001_AccountRegistrationTest -->
      <class name="testCases.TC_002_LoginTest">
        <test-method is-config="true" signature="setup(java.lang.String)[pri:0, instance:testCases.TC_002_LoginTest@33065d67]" started-at="2023-03-22T21:57:42 IST" name="setup" finished-at="2023-03-22T21:57:44 IST" duration-ms="2056" status="PASS">
          <params>
            <param index="0">
              <value>
                <![CDATA[chrome]]>
              </value>
            </param>
          </params>
          <reporter-output>
          </reporter-output>
        </test-method> <!-- setup -->
        <test-method signature="test_login()[pri:0, instance:testCases.TC_002_LoginTest@33065d67]" started-at="2023-03-22T21:57:44 IST" name="test_login" finished-at="2023-03-22T21:57:46 IST" duration-ms="1792" status="PASS">
          <reporter-output>
          </reporter-output>
        </test-method> <!-- test_login -->
        <test-method is-config="true" signature="tearDown()[pri:0, instance:testCases.TC_002_LoginTest@33065d67]" started-at="2023-03-22T21:57:46 IST" name="tearDown" finished-at="2023-03-22T21:57:46 IST" duration-ms="248" status="PASS">
          <reporter-output>
          </reporter-output>
        </test-method> <!-- tearDown -->
      </class> <!-- testCases.TC_002_LoginTest -->
      <class name="testCases.TC_005_AddToCartTest">
        <test-method is-config="true" signature="setup(java.lang.String)[pri:0, instance:testCases.TC_005_AddToCartTest@75437611]" started-at="2023-03-22T21:58:40 IST" name="setup" finished-at="2023-03-22T21:58:42 IST" duration-ms="2003" status="PASS">
          <params>
            <param index="0">
              <value>
                <![CDATA[chrome]]>
              </value>
            </param>
          </params>
          <reporter-output>
          </reporter-output>
        </test-method> <!-- setup -->
        <test-method signature="addToCartTest()[pri:0, instance:testCases.TC_005_AddToCartTest@75437611]" started-at="2023-03-22T21:58:42 IST" name="addToCartTest" finished-at="2023-03-22T21:58:48 IST" duration-ms="5803" status="PASS">
          <reporter-output>
          </reporter-output>
        </test-method> <!-- addToCartTest -->
        <test-method is-config="true" signature="tearDown()[pri:0, instance:testCases.TC_005_AddToCartTest@75437611]" started-at="2023-03-22T21:58:48 IST" name="tearDown" finished-at="2023-03-22T21:58:48 IST" duration-ms="253" status="PASS">
          <reporter-output>
          </reporter-output>
        </test-method> <!-- tearDown -->
      </class> <!-- testCases.TC_005_AddToCartTest -->
      <class name="testCases.TC_004_SearchProductTest">
        <test-method is-config="true" signature="setup(java.lang.String)[pri:0, instance:testCases.TC_004_SearchProductTest@742ff096]" started-at="2023-03-22T21:58:37 IST" name="setup" finished-at="2023-03-22T21:58:39 IST" duration-ms="2017" status="PASS">
          <params>
            <param index="0">
              <value>
                <![CDATA[chrome]]>
              </value>
            </param>
          </params>
          <reporter-output>
          </reporter-output>
        </test-method> <!-- setup -->
        <test-method signature="test_pruductSearch()[pri:0, instance:testCases.TC_004_SearchProductTest@742ff096]" started-at="2023-03-22T21:58:39 IST" name="test_pruductSearch" finished-at="2023-03-22T21:58:40 IST" duration-ms="1188" status="PASS">
          <reporter-output>
          </reporter-output>
        </test-method> <!-- test_pruductSearch -->
        <test-method is-config="true" signature="tearDown()[pri:0, instance:testCases.TC_004_SearchProductTest@742ff096]" started-at="2023-03-22T21:58:40 IST" name="tearDown" finished-at="2023-03-22T21:58:40 IST" duration-ms="217" status="PASS">
          <reporter-output>
          </reporter-output>
        </test-method> <!-- tearDown -->
      </class> <!-- testCases.TC_004_SearchProductTest -->
      <class name="testCases.TC_006_CheckoutTest">
        <test-method is-config="true" signature="setup(java.lang.String)[pri:0, instance:testCases.TC_006_CheckoutTest@350aac89]" started-at="2023-03-22T21:58:48 IST" name="setup" finished-at="2023-03-22T21:58:50 IST" duration-ms="1990" status="PASS">
          <params>
            <param index="0">
              <value>
                <![CDATA[chrome]]>
              </value>
            </param>
          </params>
          <reporter-output>
          </reporter-output>
        </test-method> <!-- setup -->
        <test-method signature="CheckoutTest()[pri:0, instance:testCases.TC_006_CheckoutTest@350aac89]" started-at="2023-03-22T21:58:50 IST" name="CheckoutTest" finished-at="2023-03-22T21:59:05 IST" duration-ms="14821" status="PASS">
          <reporter-output>
          </reporter-output>
        </test-method> <!-- CheckoutTest -->
        <test-method is-config="true" signature="tearDown()[pri:0, instance:testCases.TC_006_CheckoutTest@350aac89]" started-at="2023-03-22T21:59:05 IST" name="tearDown" finished-at="2023-03-22T21:59:05 IST" duration-ms="249" status="PASS">
          <reporter-output>
          </reporter-output>
        </test-method> <!-- tearDown -->
      </class> <!-- testCases.TC_006_CheckoutTest -->
      <class name="testCases.TC_007_EndToEndTest">
        <test-method is-config="true" signature="setup(java.lang.String)[pri:0, instance:testCases.TC_007_EndToEndTest@1c5920df]" started-at="2023-03-22T21:59:05 IST" name="setup" finished-at="2023-03-22T21:59:07 IST" duration-ms="2019" status="PASS">
          <params>
            <param index="0">
              <value>
                <![CDATA[chrome]]>
              </value>
            </param>
          </params>
          <reporter-output>
          </reporter-output>
        </test-method> <!-- setup -->
        <test-method signature="endToendTest(java.lang.String,java.lang.String,java.lang.String,java.lang.String,java.lang.String,java.lang.String,java.lang.String,java.lang.String,java.lang.String,java.lang.String,java.lang.String)[pri:0, instance:testCases.TC_007_EndToEndTest@1c5920df]" started-at="2023-03-22T21:59:08 IST" name="endToendTest" data-provider="UserData" finished-at="2023-03-22T21:59:33 IST" duration-ms="25229" status="PASS">
          <params>
            <param index="0">
              <value>
                <![CDATA[Prajwal]]>
              </value>
            </param>
            <param index="1">
              <value>
                <![CDATA[Shetty]]>
              </value>
            </param>
            <param index="2">
              <value>
                <![CDATA[prajwalnshashank6@gmail.com]]>
              </value>
            </param>
            <param index="3">
              <value>
                <![CDATA[prajwal123]]>
              </value>
            </param>
            <param index="4">
              <value>
                <![CDATA[No 330, kengeri]]>
              </value>
            </param>
            <param index="5">
              <value>
                <![CDATA[Satellite]]>
              </value>
            </param>
            <param index="6">
              <value>
                <![CDATA[Bangalore]]>
              </value>
            </param>
            <param index="7">
              <value>
                <![CDATA[India]]>
              </value>
            </param>
            <param index="8">
              <value>
                <![CDATA[MacBook]]>
              </value>
            </param>
            <param index="9">
              <value>
                <![CDATA[2]]>
              </value>
            </param>
            <param index="10">
              <value>
                <![CDATA[$1,204.00]]>
              </value>
            </param>
          </params>
          <reporter-output>
          </reporter-output>
        </test-method> <!-- endToendTest -->
        <test-method is-config="true" signature="tearDown()[pri:0, instance:testCases.TC_007_EndToEndTest@1c5920df]" started-at="2023-03-22T21:59:33 IST" name="tearDown" finished-at="2023-03-22T21:59:33 IST" duration-ms="282" status="PASS">
          <reporter-output>
          </reporter-output>
        </test-method> <!-- tearDown -->
      </class> <!-- testCases.TC_007_EndToEndTest -->
      <class name="testCases.TC_003_LoginDDT">
        <test-method is-config="true" signature="setup(java.lang.String)[pri:0, instance:testCases.TC_003_LoginDDT@712625fd]" started-at="2023-03-22T21:57:46 IST" name="setup" finished-at="2023-03-22T21:57:48 IST" duration-ms="2065" status="PASS">
          <params>
            <param index="0">
              <value>
                <![CDATA[chrome]]>
              </value>
            </param>
          </params>
          <reporter-output>
          </reporter-output>
        </test-method> <!-- setup -->
        <test-method signature="test_loginDDT(java.lang.String,java.lang.String,java.lang.String)[pri:0, instance:testCases.TC_003_LoginDDT@712625fd]" started-at="2023-03-22T21:57:50 IST" name="test_loginDDT" data-provider="LoginData" finished-at="2023-03-22T21:57:52 IST" duration-ms="2261" status="PASS">
          <params>
            <param index="0">
              <value>
                <![CDATA[prajwalnshashank@gmail.com]]>
              </value>
            </param>
            <param index="1">
              <value>
                <![CDATA[prajwal123]]>
              </value>
            </param>
            <param index="2">
              <value>
                <![CDATA[Valid]]>
              </value>
            </param>
          </params>
          <reporter-output>
          </reporter-output>
        </test-method> <!-- test_loginDDT -->
        <test-method signature="test_loginDDT(java.lang.String,java.lang.String,java.lang.String)[pri:0, instance:testCases.TC_003_LoginDDT@712625fd]" started-at="2023-03-22T21:57:52 IST" name="test_loginDDT" data-provider="LoginData" finished-at="2023-03-22T21:58:03 IST" duration-ms="10917" status="PASS">
          <params>
            <param index="0">
              <value>
                <![CDATA[Venkateshwara@gmail.com]]>
              </value>
            </param>
            <param index="1">
              <value>
                <![CDATA[Srinivasa]]>
              </value>
            </param>
            <param index="2">
              <value>
                <![CDATA[Invalid]]>
              </value>
            </param>
          </params>
          <reporter-output>
          </reporter-output>
        </test-method> <!-- test_loginDDT -->
        <test-method signature="test_loginDDT(java.lang.String,java.lang.String,java.lang.String)[pri:0, instance:testCases.TC_003_LoginDDT@712625fd]" started-at="2023-03-22T21:58:03 IST" name="test_loginDDT" data-provider="LoginData" finished-at="2023-03-22T21:58:14 IST" duration-ms="11021" status="PASS">
          <params>
            <param index="0">
              <value>
                <![CDATA[SriRaam@yahoo.com]]>
              </value>
            </param>
            <param index="1">
              <value>
                <![CDATA[Raama]]>
              </value>
            </param>
            <param index="2">
              <value>
                <![CDATA[Invalid]]>
              </value>
            </param>
          </params>
          <reporter-output>
          </reporter-output>
        </test-method> <!-- test_loginDDT -->
        <test-method signature="test_loginDDT(java.lang.String,java.lang.String,java.lang.String)[pri:0, instance:testCases.TC_003_LoginDDT@712625fd]" started-at="2023-03-22T21:58:14 IST" name="test_loginDDT" data-provider="LoginData" finished-at="2023-03-22T21:58:25 IST" duration-ms="11072" status="PASS">
          <params>
            <param index="0">
              <value>
                <![CDATA[Krishna@yahoo.com]]>
              </value>
            </param>
            <param index="1">
              <value>
                <![CDATA[krishna]]>
              </value>
            </param>
            <param index="2">
              <value>
                <![CDATA[Invalid]]>
              </value>
            </param>
          </params>
          <reporter-output>
          </reporter-output>
        </test-method> <!-- test_loginDDT -->
        <test-method signature="test_loginDDT(java.lang.String,java.lang.String,java.lang.String)[pri:0, instance:testCases.TC_003_LoginDDT@712625fd]" started-at="2023-03-22T21:58:25 IST" name="test_loginDDT" data-provider="LoginData" finished-at="2023-03-22T21:58:36 IST" duration-ms="11020" status="PASS">
          <params>
            <param index="0">
              <value>
                <![CDATA[abc123@gmail.com]]>
              </value>
            </param>
            <param index="1">
              <value>
                <![CDATA[test@123]]>
              </value>
            </param>
            <param index="2">
              <value>
                <![CDATA[Invalid]]>
              </value>
            </param>
          </params>
          <reporter-output>
          </reporter-output>
        </test-method> <!-- test_loginDDT -->
        <test-method is-config="true" signature="tearDown()[pri:0, instance:testCases.TC_003_LoginDDT@712625fd]" started-at="2023-03-22T21:58:36 IST" name="tearDown" finished-at="2023-03-22T21:58:37 IST" duration-ms="256" status="PASS">
          <reporter-output>
          </reporter-output>
        </test-method> <!-- tearDown -->
      </class> <!-- testCases.TC_003_LoginDDT -->
    </test> <!-- OpencartTest -->
  </suite> <!-- OpencartSuite -->
</testng-results>
