<?xml version="1.0" encoding="UTF-8"?>
<!-- Generated by org.testng.reporters.JUnitXMLReporter -->
<testsuite ignored="0" hostname="DESKTOP-858RMVH" failures="0" tests="11" name="OpencartTest" time="126.07" errors="0" timestamp="2023-03-22T21:59:34 IST">
  <testcase classname="testCases.TC_001_AccountRegistrationTest" name="test_account_Registration" time="8.663"/>
  <testcase classname="testCases.TC_002_LoginTest" name="test_login" time="1.792"/>
  <testcase classname="testCases.TC_003_LoginDDT" name="test_loginDDT" time="2.261"/>
  <testcase classname="testCases.TC_003_LoginDDT" name="test_loginDDT" time="10.917"/>
  <testcase classname="testCases.TC_003_LoginDDT" name="test_loginDDT" time="11.021"/>
  <testcase classname="testCases.TC_003_LoginDDT" name="test_loginDDT" time="11.072"/>
  <testcase classname="testCases.TC_003_LoginDDT" name="test_loginDDT" time="11.02"/>
  <testcase classname="testCases.TC_004_SearchProductTest" name="test_pruductSearch" time="1.188"/>
  <testcase classname="testCases.TC_005_AddToCartTest" name="addToCartTest" time="5.803"/>
  <testcase classname="testCases.TC_006_CheckoutTest" name="CheckoutTest" time="14.821"/>
  <testcase classname="testCases.TC_007_EndToEndTest" name="endToendTest" time="25.229"/>
</testsuite> <!-- OpencartTest -->
